<?xml version="1.0" encoding="UTF-8"?>
<!-- Generated by org.testng.reporters.JUnitXMLReporter -->
<testsuite ignored="0" hostname="Supercomputer" failures="1" tests="4" name="Test_select_product_login" time="173.083" errors="0" timestamp="02 Sep 2022 07:10:58 GMT">
  <testcase classname="selectProductTests.SelectProductWithLogin" name="selectProductWithLoginWithExistingProductName" time="34.881"/>
  <testcase classname="selectProductTests.SelectProductWithLogin" name="selectProductWithLoginWithSpellingMistakeInProductName" time="124.547"/>
  <testcase classname="selectProductTests.SelectProductWithLogin" name="selectProductWithLoginWithEmptyProductName" time="2.774">
    <failure type="java.lang.AssertionError" message="expected [Page Not Found | bigbasket.com] but found [Online Grocery Shopping and Online Supermarket in India - bigbasket]">
      <![CDATA[java.lang.AssertionError: expected [Page Not Found | bigbasket.com] but found [Online Grocery Shopping and Online Supermarket in India - bigbasket]
at selectProductTests.SelectProductWithLogin.selectProductWithLoginWithEmptyProductName(SelectProductWithLogin.java:90)
... Removed 29 stack frames]]>
    </failure>
  </testcase> <!-- selectProductWithLoginWithEmptyProductName -->
  <testcase classname="selectProductTests.SelectProductWithLogin" name="selectProductWithLoginWithInvalidProductName" time="4.69"/>
</testsuite> <!-- Test_select_product_login -->
