<?xml version="1.0" encoding="UTF-8"?>
<!-- Generated by org.testng.reporters.JUnitXMLReporter -->
<testsuite ignored="0" hostname="Supercomputer" failures="1" tests="4" name="Test6" time="129.851" errors="0" timestamp="01 Sep 2022 09:42:29 GMT">
  <testcase classname="selectProductTests.SelectProductWithLogin" name="selectProductWithLoginWithExistingProductName" time="62.509"/>
  <testcase classname="selectProductTests.SelectProductWithLogin" name="selectProductWithLoginWithSpellingMistakeInProductName" time="27.695"/>
  <testcase classname="selectProductTests.SelectProductWithLogin" name="selectProductWithLoginWithEmptyProductName" time="9.842">
    <failure type="java.lang.AssertionError" message="expected [Page Not Found | bigbasket.com] but found [Online Grocery Shopping and Online Supermarket in India - bigbasket]">
      <![CDATA[java.lang.AssertionError: expected [Page Not Found | bigbasket.com] but found [Online Grocery Shopping and Online Supermarket in India - bigbasket]
at selectProductTests.SelectProductWithLogin.selectProductWithLoginWithEmptyProductName(SelectProductWithLogin.java:88)
... Removed 29 stack frames]]>
    </failure>
  </testcase> <!-- selectProductWithLoginWithEmptyProductName -->
  <testcase classname="selectProductTests.SelectProductWithLogin" name="selectProductWithLoginWithInvalidProductName" time="17.413"/>
</testsuite> <!-- Test6 -->
