<?xml version="1.0" encoding="UTF-8"?>
<!-- Generated by org.testng.reporters.JUnitXMLReporter -->
<testsuite ignored="0" hostname="Supercomputer" failures="1" tests="3" name="Test_select_product" time="52.294" errors="0" timestamp="02 Sep 2022 07:07:23 GMT">
  <testcase classname="selectProductTests.SelectProductSomeOtherTestCases" name="selectProductToCheckSortFeature" time="14.387"/>
  <testcase classname="selectProductTests.SelectProductSomeOtherTestCases" name="toVerifyZeroQuantityEnterInProductPage" time="13.64">
    <failure type="java.lang.AssertionError" message="expected [false] but found [true]">
      <![CDATA[java.lang.AssertionError: expected [false] but found [true]
at selectProductTests.SelectProductSomeOtherTestCases.toVerifyZeroQuantityEnterInProductPage(SelectProductSomeOtherTestCases.java:77)
... Removed 29 stack frames]]>
    </failure>
  </testcase> <!-- toVerifyZeroQuantityEnterInProductPage -->
  <testcase classname="selectProductTests.SelectProductSomeOtherTestCases" name="toCheckScrollFeatureInProductPage" time="16.486"/>
</testsuite> <!-- Test_select_product -->
