<?xml version="1.0" encoding="UTF-8"?>
<!-- Generated by org.testng.reporters.JUnitXMLReporter -->
<testsuite ignored="0" hostname="Supercomputer" failures="1" tests="5" name="Test_addtocart" time="14.875" errors="0" timestamp="02 Sep 2022 07:11:13 GMT">
  <testcase classname="addToCart.AddItemsTest" name="addFeatureWhenZeroQuantityEntered" time="0.285">
    <failure type="java.lang.AssertionError" message="expected [] but found [a]">
      <![CDATA[java.lang.AssertionError: expected [] but found [a]
at addToCart.AddItemsTest.addFeatureWhenZeroQuantityEntered(AddItemsTest.java:57)
... Removed 29 stack frames]]>
    </failure>
  </testcase> <!-- addFeatureWhenZeroQuantityEntered -->
  <testcase classname="addToCart.AddItemsTest" name="addFeatureWhenMoreThanSixItemsAdded" time="0.143"/>
  <testcase classname="addToCart.AddItemsTest" name="validateAddItemsToCartFeature" time="0.182"/>
  <testcase classname="addToCart.AddItemsTest" name="addOneMoreItemToCart" time="0.184"/>
  <testcase classname="addToCart.AddItemsTest" name="removeOneItemFromCart" time="0.118"/>
</testsuite> <!-- Test_addtocart -->
